<?xml version="1.0" encoding="UTF-8"?>
<testsuites>
  <testsuite name="" tests="130" assertions="281" errors="0" warnings="0" failures="0" skipped="0" time="0.678462">
    <testsuite name="Speedy Test Suite" tests="130" assertions="281" errors="0" warnings="0" failures="0" skipped="0" time="0.678462">
      <testsuite name="VasilDakov\SpeedyTest\Client\ClientTest" file="/usr/src/speedy/test/Client/ClientTest.php" tests="1" assertions="8" errors="0" warnings="0" failures="0" skipped="0" time="0.061379">
        <testcase name="testItCanBeConstructed" class="VasilDakov\SpeedyTest\Client\ClientTest" classname="VasilDakov.SpeedyTest.Client.ClientTest" file="/usr/src/speedy/test/Client/ClientTest.php" line="24" assertions="8" time="0.061379"/>
      </testsuite>
      <testsuite name="VasilDakov\SpeedyTest\Client\GetContractClientsRequestTest" file="/usr/src/speedy/test/Client/GetContractClientsRequestTest.php" tests="1" assertions="2" errors="0" warnings="0" failures="0" skipped="0" time="0.003485">
        <testcase name="testItCanBeConstructed" class="VasilDakov\SpeedyTest\Client\GetContractClientsRequestTest" classname="VasilDakov.SpeedyTest.Client.GetContractClientsRequestTest" file="/usr/src/speedy/test/Client/GetContractClientsRequestTest.php" line="20" assertions="2" time="0.003485"/>
      </testsuite>
      <testsuite name="VasilDakov\SpeedyTest\Client\GetContractClientsResponseFactoryTest" file="/usr/src/speedy/test/Client/GetContractClientsResponseFactoryTest.php" tests="1" assertions="2" errors="0" warnings="0" failures="0" skipped="0" time="0.004821">
        <testcase name="testItThrowsAnExceptionForInvalidJson" class="VasilDakov\SpeedyTest\Client\GetContractClientsResponseFactoryTest" classname="VasilDakov.SpeedyTest.Client.GetContractClientsResponseFactoryTest" file="/usr/src/speedy/test/Client/GetContractClientsResponseFactoryTest.php" line="20" assertions="2" time="0.004821"/>
      </testsuite>
      <testsuite name="VasilDakov\SpeedyTest\Client\GetContractClientsResponseTest" file="/usr/src/speedy/test/Client/GetContractClientsResponseTest.php" tests="1" assertions="1" errors="0" warnings="0" failures="0" skipped="0" time="0.003536">
        <testcase name="testItCanBeConstructed" class="VasilDakov\SpeedyTest\Client\GetContractClientsResponseTest" classname="VasilDakov.SpeedyTest.Client.GetContractClientsResponseTest" file="/usr/src/speedy/test/Client/GetContractClientsResponseTest.php" line="20" assertions="1" time="0.003536"/>
      </testsuite>
      <testsuite name="VasilDakov\SpeedyTest\ConfigurationTest" file="/usr/src/speedy/test/ConfigurationTest.php" tests="1" assertions="4" errors="0" warnings="0" failures="0" skipped="0" time="0.003577">
        <testcase name="testItCanBeConstructed" class="VasilDakov\SpeedyTest\ConfigurationTest" classname="VasilDakov.SpeedyTest.ConfigurationTest" file="/usr/src/speedy/test/ConfigurationTest.php" line="17" assertions="4" time="0.003577"/>
      </testsuite>
      <testsuite name="VasilDakov\SpeedyTest\Location\Country\AddressNomenclatureTypeTest" file="/usr/src/speedy/test/Location/Country/AddressNomenclatureTypeTest.php" tests="1" assertions="2" errors="0" warnings="0" failures="0" skipped="0" time="0.001736">
        <testcase name="testItCanBeConstructed" class="VasilDakov\SpeedyTest\Location\Country\AddressNomenclatureTypeTest" classname="VasilDakov.SpeedyTest.Location.Country.AddressNomenclatureTypeTest" file="/usr/src/speedy/test/Location/Country/AddressNomenclatureTypeTest.php" line="17" assertions="2" time="0.001736"/>
      </testsuite>
      <testsuite name="VasilDakov\SpeedyTest\Location\Country\FindCountryRequestTest" file="/usr/src/speedy/test/Location/Country/FindCountryRequestTest.php" tests="1" assertions="4" errors="0" warnings="0" failures="0" skipped="0" time="0.003604">
        <testcase name="testItCanBeConstructed" class="VasilDakov\SpeedyTest\Location\Country\FindCountryRequestTest" classname="VasilDakov.SpeedyTest.Location.Country.FindCountryRequestTest" file="/usr/src/speedy/test/Location/Country/FindCountryRequestTest.php" line="18" assertions="4" time="0.003604"/>
      </testsuite>
      <testsuite name="VasilDakov\SpeedyTest\Location\Country\FindCountryResponseFactoryTest" file="/usr/src/speedy/test/Location/Country/FindCountryResponseFactoryTest.php" tests="1" assertions="2" errors="0" warnings="0" failures="0" skipped="0" time="0.001517">
        <testcase name="testItThrowsAnExceptionForInvalidJson" class="VasilDakov\SpeedyTest\Location\Country\FindCountryResponseFactoryTest" classname="VasilDakov.SpeedyTest.Location.Country.FindCountryResponseFactoryTest" file="/usr/src/speedy/test/Location/Country/FindCountryResponseFactoryTest.php" line="17" assertions="2" time="0.001517"/>
      </testsuite>
      <testsuite name="VasilDakov\SpeedyTest\Location\Country\FindCountryResponseTest" file="/usr/src/speedy/test/Location/Country/FindCountryResponseTest.php" tests="3" assertions="4" errors="0" warnings="0" failures="0" skipped="0" time="0.011506">
        <testcase name="testItCanBeConstructed" class="VasilDakov\SpeedyTest\Location\Country\FindCountryResponseTest" classname="VasilDakov.SpeedyTest.Location.Country.FindCountryResponseTest" file="/usr/src/speedy/test/Location/Country/FindCountryResponseTest.php" line="19" assertions="1" time="0.003314"/>
        <testcase name="testItCanFindCountryById" class="VasilDakov\SpeedyTest\Location\Country\FindCountryResponseTest" classname="VasilDakov.SpeedyTest.Location.Country.FindCountryResponseTest" file="/usr/src/speedy/test/Location/Country/FindCountryResponseTest.php" line="27" assertions="2" time="0.005608"/>
        <testcase name="testItCanFindCountryByName" class="VasilDakov\SpeedyTest\Location\Country\FindCountryResponseTest" classname="VasilDakov.SpeedyTest.Location.Country.FindCountryResponseTest" file="/usr/src/speedy/test/Location/Country/FindCountryResponseTest.php" line="37" assertions="1" time="0.002583"/>
      </testsuite>
      <testsuite name="VasilDakov\SpeedyTest\Model\AddressTest" file="/usr/src/speedy/test/Model/AddressTest.php" tests="2" assertions="21" errors="0" warnings="0" failures="0" skipped="0" time="0.152927">
        <testcase name="testItCanBeConstructed" class="VasilDakov\SpeedyTest\Model\AddressTest" classname="VasilDakov.SpeedyTest.Model.AddressTest" file="/usr/src/speedy/test/Model/AddressTest.php" line="22" assertions="20" time="0.004438"/>
        <testcase name="testItCanBeDeserialized" class="VasilDakov\SpeedyTest\Model\AddressTest" classname="VasilDakov.SpeedyTest.Model.AddressTest" file="/usr/src/speedy/test/Model/AddressTest.php" line="60" assertions="1" time="0.148489"/>
      </testsuite>
      <testsuite name="VasilDakov\SpeedyTest\Model\BankAccountTest" file="/usr/src/speedy/test/Model/BankAccountTest.php" tests="2" assertions="4" errors="0" warnings="0" failures="0" skipped="0" time="0.019361">
        <testcase name="testItCanBeConstructed" class="VasilDakov\SpeedyTest\Model\BankAccountTest" classname="VasilDakov.SpeedyTest.Model.BankAccountTest" file="/usr/src/speedy/test/Model/BankAccountTest.php" line="20" assertions="3" time="0.012713"/>
        <testcase name="testItCanBeDeserialized" class="VasilDakov\SpeedyTest\Model\BankAccountTest" classname="VasilDakov.SpeedyTest.Model.BankAccountTest" file="/usr/src/speedy/test/Model/BankAccountTest.php" line="40" assertions="1" time="0.006648"/>
      </testsuite>
      <testsuite name="VasilDakov\SpeedyTest\Model\CountryCodeTest" file="/usr/src/speedy/test/Model/CountryCodeTest.php" tests="6" assertions="7" errors="0" warnings="0" failures="0" skipped="0" time="0.010324">
        <testcase name="testItCanBeCreatedWithBulgariaCode" class="VasilDakov\SpeedyTest\Model\CountryCodeTest" classname="VasilDakov.SpeedyTest.Model.CountryCodeTest" file="/usr/src/speedy/test/Model/CountryCodeTest.php" line="31" assertions="1" time="0.001937"/>
        <testcase name="testItCanBeCreatedWithRomaniaCode" class="VasilDakov\SpeedyTest\Model\CountryCodeTest" classname="VasilDakov.SpeedyTest.Model.CountryCodeTest" file="/usr/src/speedy/test/Model/CountryCodeTest.php" line="41" assertions="1" time="0.000632"/>
        <testcase name="testItContainsValidCountryCodes" class="VasilDakov\SpeedyTest\Model\CountryCodeTest" classname="VasilDakov.SpeedyTest.Model.CountryCodeTest" file="/usr/src/speedy/test/Model/CountryCodeTest.php" line="50" assertions="2" time="0.004378"/>
        <testcase name="testSetCodeThrowsAnException" class="VasilDakov\SpeedyTest\Model\CountryCodeTest" classname="VasilDakov.SpeedyTest.Model.CountryCodeTest" file="/usr/src/speedy/test/Model/CountryCodeTest.php" line="59" assertions="1" time="0.000625"/>
        <testcase name="testObjectsAreEqual" class="VasilDakov\SpeedyTest\Model\CountryCodeTest" classname="VasilDakov.SpeedyTest.Model.CountryCodeTest" file="/usr/src/speedy/test/Model/CountryCodeTest.php" line="69" assertions="1" time="0.001904"/>
        <testcase name="testObjectsAreNotEqual" class="VasilDakov\SpeedyTest\Model\CountryCodeTest" classname="VasilDakov.SpeedyTest.Model.CountryCodeTest" file="/usr/src/speedy/test/Model/CountryCodeTest.php" line="80" assertions="1" time="0.000849"/>
      </testsuite>
      <testsuite name="VasilDakov\SpeedyTest\Model\CountryTest" file="/usr/src/speedy/test/Model/CountryTest.php" tests="2" assertions="13" errors="0" warnings="0" failures="0" skipped="0" time="0.005882">
        <testcase name="testItCanBeConstructed" class="VasilDakov\SpeedyTest\Model\CountryTest" classname="VasilDakov.SpeedyTest.Model.CountryTest" file="/usr/src/speedy/test/Model/CountryTest.php" line="18" assertions="1" time="0.003129"/>
        <testcase name="testItCanGetData" class="VasilDakov\SpeedyTest\Model\CountryTest" classname="VasilDakov.SpeedyTest.Model.CountryTest" file="/usr/src/speedy/test/Model/CountryTest.php" line="28" assertions="12" time="0.002753"/>
      </testsuite>
      <testsuite name="VasilDakov\SpeedyTest\Model\EmailTest" file="/usr/src/speedy/test/Model/EmailTest.php" tests="5" assertions="6" errors="0" warnings="0" failures="0" skipped="0" time="0.007999">
        <testcase name="testItCanBeConstructed" class="VasilDakov\SpeedyTest\Model\EmailTest" classname="VasilDakov.SpeedyTest.Model.EmailTest" file="/usr/src/speedy/test/Model/EmailTest.php" line="17" assertions="1" time="0.004951"/>
        <testcase name="testItThrowsInvalidArgumentException" class="VasilDakov\SpeedyTest\Model\EmailTest" classname="VasilDakov.SpeedyTest.Model.EmailTest" file="/usr/src/speedy/test/Model/EmailTest.php" line="23" assertions="1" time="0.000525"/>
        <testcase name="testItCanCompareWithOtherEmail" class="VasilDakov\SpeedyTest\Model\EmailTest" classname="VasilDakov.SpeedyTest.Model.EmailTest" file="/usr/src/speedy/test/Model/EmailTest.php" line="30" assertions="2" time="0.000716"/>
        <testcase name="testItCanBeConvertedToString" class="VasilDakov\SpeedyTest\Model\EmailTest" classname="VasilDakov.SpeedyTest.Model.EmailTest" file="/usr/src/speedy/test/Model/EmailTest.php" line="38" assertions="1" time="0.000761"/>
        <testcase name="testItCanBeJsonSerialized" class="VasilDakov\SpeedyTest\Model\EmailTest" classname="VasilDakov.SpeedyTest.Model.EmailTest" file="/usr/src/speedy/test/Model/EmailTest.php" line="45" assertions="1" time="0.001045"/>
      </testsuite>
      <testsuite name="VasilDakov\SpeedyTest\Service\Calculation\CalculationAddressLocationTest" file="/usr/src/speedy/test/Service/Calculation/CalculationAddressLocationTest.php" tests="7" assertions="7" errors="0" warnings="0" failures="0" skipped="0" time="0.034026">
        <testcase name="testItCanBeCreated" class="VasilDakov\SpeedyTest\Service\Calculation\CalculationAddressLocationTest" classname="VasilDakov.SpeedyTest.Service.Calculation.CalculationAddressLocationTest" file="/usr/src/speedy/test/Service/Calculation/CalculationAddressLocationTest.php" line="71" assertions="1" time="0.028591"/>
        <testcase name="testItCanRetrieveCountryId" class="VasilDakov\SpeedyTest\Service\Calculation\CalculationAddressLocationTest" classname="VasilDakov.SpeedyTest.Service.Calculation.CalculationAddressLocationTest" file="/usr/src/speedy/test/Service/Calculation/CalculationAddressLocationTest.php" line="81" assertions="1" time="0.000793"/>
        <testcase name="testItCanRetrieveTheStateId" class="VasilDakov\SpeedyTest\Service\Calculation\CalculationAddressLocationTest" classname="VasilDakov.SpeedyTest.Service.Calculation.CalculationAddressLocationTest" file="/usr/src/speedy/test/Service/Calculation/CalculationAddressLocationTest.php" line="94" assertions="1" time="0.000769"/>
        <testcase name="testItCanRetrieveTheSiteId" class="VasilDakov\SpeedyTest\Service\Calculation\CalculationAddressLocationTest" classname="VasilDakov.SpeedyTest.Service.Calculation.CalculationAddressLocationTest" file="/usr/src/speedy/test/Service/Calculation/CalculationAddressLocationTest.php" line="106" assertions="1" time="0.001401"/>
        <testcase name="testItCanRetrieveThePostCode" class="VasilDakov\SpeedyTest\Service\Calculation\CalculationAddressLocationTest" classname="VasilDakov.SpeedyTest.Service.Calculation.CalculationAddressLocationTest" file="/usr/src/speedy/test/Service/Calculation/CalculationAddressLocationTest.php" line="116" assertions="1" time="0.000930"/>
        <testcase name="testItCanRetrieveTheSiteType" class="VasilDakov\SpeedyTest\Service\Calculation\CalculationAddressLocationTest" classname="VasilDakov.SpeedyTest.Service.Calculation.CalculationAddressLocationTest" file="/usr/src/speedy/test/Service/Calculation/CalculationAddressLocationTest.php" line="126" assertions="1" time="0.000838"/>
        <testcase name="testItCanRetrieveTheSiteName" class="VasilDakov\SpeedyTest\Service\Calculation\CalculationAddressLocationTest" classname="VasilDakov.SpeedyTest.Service.Calculation.CalculationAddressLocationTest" file="/usr/src/speedy/test/Service/Calculation/CalculationAddressLocationTest.php" line="138" assertions="1" time="0.000704"/>
      </testsuite>
      <testsuite name="VasilDakov\SpeedyTest\Shipment\CreateShipmentRequestFactoryTest" file="/usr/src/speedy/test/Shipment/CreateShipmentRequestFactoryTest.php" tests="1" assertions="1" errors="0" warnings="0" failures="0" skipped="0" time="0.051416">
        <testcase name="testItCanDoSomething" class="VasilDakov\SpeedyTest\Shipment\CreateShipmentRequestFactoryTest" classname="VasilDakov.SpeedyTest.Shipment.CreateShipmentRequestFactoryTest" file="/usr/src/speedy/test/Shipment/CreateShipmentRequestFactoryTest.php" line="18" assertions="1" time="0.051416"/>
      </testsuite>
      <testsuite name="VasilDakov\SpeedyTest\Shipment\CreateShipmentRequestTest" file="/usr/src/speedy/test/Shipment/CreateShipmentRequestTest.php" tests="14" assertions="29" errors="0" warnings="0" failures="0" skipped="0" time="0.072530">
        <testcase name="testItCanBeCreated" class="VasilDakov\SpeedyTest\Shipment\CreateShipmentRequestTest" classname="VasilDakov.SpeedyTest.Shipment.CreateShipmentRequestTest" file="/usr/src/speedy/test/Shipment/CreateShipmentRequestTest.php" line="79" assertions="1" time="0.015108"/>
        <testcase name="testItCanRetrieveTheRecipient" class="VasilDakov\SpeedyTest\Shipment\CreateShipmentRequestTest" classname="VasilDakov.SpeedyTest.Shipment.CreateShipmentRequestTest" file="/usr/src/speedy/test/Shipment/CreateShipmentRequestTest.php" line="90" assertions="1" time="0.001509"/>
        <testcase name="testItCanRetrieveTheService" class="VasilDakov\SpeedyTest\Shipment\CreateShipmentRequestTest" classname="VasilDakov.SpeedyTest.Shipment.CreateShipmentRequestTest" file="/usr/src/speedy/test/Shipment/CreateShipmentRequestTest.php" line="101" assertions="1" time="0.001271"/>
        <testcase name="testItCanRetrieveTheContent" class="VasilDakov\SpeedyTest\Shipment\CreateShipmentRequestTest" classname="VasilDakov.SpeedyTest.Shipment.CreateShipmentRequestTest" file="/usr/src/speedy/test/Shipment/CreateShipmentRequestTest.php" line="112" assertions="1" time="0.001126"/>
        <testcase name="testItCanRetrieveThePayment" class="VasilDakov\SpeedyTest\Shipment\CreateShipmentRequestTest" classname="VasilDakov.SpeedyTest.Shipment.CreateShipmentRequestTest" file="/usr/src/speedy/test/Shipment/CreateShipmentRequestTest.php" line="123" assertions="1" time="0.001154"/>
        <testcase name="testItCanRetrieveTheSender" class="VasilDakov\SpeedyTest\Shipment\CreateShipmentRequestTest" classname="VasilDakov.SpeedyTest.Shipment.CreateShipmentRequestTest" file="/usr/src/speedy/test/Shipment/CreateShipmentRequestTest.php" line="134" assertions="1" time="0.001085"/>
        <testcase name="testItCanRetrieveTheShipmentNote" class="VasilDakov\SpeedyTest\Shipment\CreateShipmentRequestTest" classname="VasilDakov.SpeedyTest.Shipment.CreateShipmentRequestTest" file="/usr/src/speedy/test/Shipment/CreateShipmentRequestTest.php" line="147" assertions="1" time="0.001083"/>
        <testcase name="testItCanRetrieveTheRef1" class="VasilDakov\SpeedyTest\Shipment\CreateShipmentRequestTest" classname="VasilDakov.SpeedyTest.Shipment.CreateShipmentRequestTest" file="/usr/src/speedy/test/Shipment/CreateShipmentRequestTest.php" line="160" assertions="1" time="0.001133"/>
        <testcase name="testItCanRetrieveTheRef2" class="VasilDakov\SpeedyTest\Shipment\CreateShipmentRequestTest" classname="VasilDakov.SpeedyTest.Shipment.CreateShipmentRequestTest" file="/usr/src/speedy/test/Shipment/CreateShipmentRequestTest.php" line="173" assertions="1" time="0.000929"/>
        <testcase name="testItCanRetrieveTheConsolidationRef" class="VasilDakov\SpeedyTest\Shipment\CreateShipmentRequestTest" classname="VasilDakov.SpeedyTest.Shipment.CreateShipmentRequestTest" file="/usr/src/speedy/test/Shipment/CreateShipmentRequestTest.php" line="186" assertions="1" time="0.000906"/>
        <testcase name="testItCanRetrieveTheRequireUnsuccessfulDeliveryStickerImage" class="VasilDakov\SpeedyTest\Shipment\CreateShipmentRequestTest" classname="VasilDakov.SpeedyTest.Shipment.CreateShipmentRequestTest" file="/usr/src/speedy/test/Shipment/CreateShipmentRequestTest.php" line="199" assertions="1" time="0.000931"/>
        <testcase name="testItCanBeConvertedAsArray" class="VasilDakov\SpeedyTest\Shipment\CreateShipmentRequestTest" classname="VasilDakov.SpeedyTest.Shipment.CreateShipmentRequestTest" file="/usr/src/speedy/test/Shipment/CreateShipmentRequestTest.php" line="212" assertions="1" time="0.003240"/>
        <testcase name="testExportedArrayHasRequiredKeys" class="VasilDakov\SpeedyTest\Shipment\CreateShipmentRequestTest" classname="VasilDakov.SpeedyTest.Shipment.CreateShipmentRequestTest" file="/usr/src/speedy/test/Shipment/CreateShipmentRequestTest.php" line="223" assertions="5" time="0.004335"/>
        <testcase name="testItCanBeDeserialized" class="VasilDakov\SpeedyTest\Shipment\CreateShipmentRequestTest" classname="VasilDakov.SpeedyTest.Shipment.CreateShipmentRequestTest" file="/usr/src/speedy/test/Shipment/CreateShipmentRequestTest.php" line="239" assertions="12" time="0.038719"/>
      </testsuite>
      <testsuite name="VasilDakov\SpeedyTest\Shipment\CreateShipmentResponseFactoryTest" file="/usr/src/speedy/test/Shipment/CreateShipmentResponseFactoryTest.php" tests="2" assertions="6" errors="0" warnings="0" failures="0" skipped="0" time="0.048826">
        <testcase name="testItCanCreateInstance" class="VasilDakov\SpeedyTest\Shipment\CreateShipmentResponseFactoryTest" classname="VasilDakov.SpeedyTest.Shipment.CreateShipmentResponseFactoryTest" file="/usr/src/speedy/test/Shipment/CreateShipmentResponseFactoryTest.php" line="22" assertions="1" time="0.031911"/>
        <testcase name="testInstanceHasRequiredProperties" class="VasilDakov\SpeedyTest\Shipment\CreateShipmentResponseFactoryTest" classname="VasilDakov.SpeedyTest.Shipment.CreateShipmentResponseFactoryTest" file="/usr/src/speedy/test/Shipment/CreateShipmentResponseFactoryTest.php" line="31" assertions="5" time="0.016915"/>
      </testsuite>
      <testsuite name="VasilDakov\SpeedyTest\Shipment\CreateShipmentResponseTest" file="/usr/src/speedy/test/Shipment/CreateShipmentResponseTest.php" tests="2" assertions="6" errors="0" warnings="0" failures="0" skipped="0" time="0.019238">
        <testcase name="testItCanBeDeserialized" class="VasilDakov\SpeedyTest\Shipment\CreateShipmentResponseTest" classname="VasilDakov.SpeedyTest.Shipment.CreateShipmentResponseTest" file="/usr/src/speedy/test/Shipment/CreateShipmentResponseTest.php" line="24" assertions="1" time="0.016298"/>
        <testcase name="testItCanBeConstructed" class="VasilDakov\SpeedyTest\Shipment\CreateShipmentResponseTest" classname="VasilDakov.SpeedyTest.Shipment.CreateShipmentResponseTest" file="/usr/src/speedy/test/Shipment/CreateShipmentResponseTest.php" line="42" assertions="5" time="0.002940"/>
      </testsuite>
      <testsuite name="VasilDakov\SpeedyTest\Shipment\MoneyTransferPremiumTest" file="/usr/src/speedy/test/Shipment/MoneyTransferPremiumTest.php" tests="1" assertions="4" errors="0" warnings="0" failures="0" skipped="0" time="0.003417">
        <testcase name="testItCanBeConstructed" class="VasilDakov\SpeedyTest\Shipment\MoneyTransferPremiumTest" classname="VasilDakov.SpeedyTest.Shipment.MoneyTransferPremiumTest" file="/usr/src/speedy/test/Shipment/MoneyTransferPremiumTest.php" line="21" assertions="4" time="0.003417"/>
      </testsuite>
      <testsuite name="VasilDakov\SpeedyTest\Shipment\PayerTest" file="/usr/src/speedy/test/Shipment/PayerTest.php" tests="3" assertions="3" errors="0" warnings="0" failures="0" skipped="0" time="0.002977">
        <testcase name="testItCanBeConstructedWithValidArgument" class="VasilDakov\SpeedyTest\Shipment\PayerTest" classname="VasilDakov.SpeedyTest.Shipment.PayerTest" file="/usr/src/speedy/test/Shipment/PayerTest.php" line="20" assertions="1" time="0.001583"/>
        <testcase name="testItThrowsAnExceptionForInvalidArgument" class="VasilDakov\SpeedyTest\Shipment\PayerTest" classname="VasilDakov.SpeedyTest.Shipment.PayerTest" file="/usr/src/speedy/test/Shipment/PayerTest.php" line="27" assertions="1" time="0.000617"/>
        <testcase name="testItCanBeConvertedToString" class="VasilDakov\SpeedyTest\Shipment\PayerTest" classname="VasilDakov.SpeedyTest.Shipment.PayerTest" file="/usr/src/speedy/test/Shipment/PayerTest.php" line="33" assertions="1" time="0.000777"/>
      </testsuite>
      <testsuite name="VasilDakov\SpeedyTest\Shipment\ShipmentAddressTest" file="/usr/src/speedy/test/Shipment/ShipmentAddressTest.php" tests="2" assertions="23" errors="0" warnings="0" failures="0" skipped="0" time="0.002086">
        <testcase name="testItCanExportToArrayWithMandatoryProperty" class="VasilDakov\SpeedyTest\Shipment\ShipmentAddressTest" classname="VasilDakov.SpeedyTest.Shipment.ShipmentAddressTest" file="/usr/src/speedy/test/Shipment/ShipmentAddressTest.php" line="166" assertions="1" time="0.000982"/>
        <testcase name="testItCanExportToArrayWithOptionalProperty" class="VasilDakov\SpeedyTest\Shipment\ShipmentAddressTest" classname="VasilDakov.SpeedyTest.Shipment.ShipmentAddressTest" file="/usr/src/speedy/test/Shipment/ShipmentAddressTest.php" line="175" assertions="22" time="0.001104"/>
      </testsuite>
      <testsuite name="VasilDakov\SpeedyTest\Shipment\ShipmentContentTest" file="/usr/src/speedy/test/Shipment/ShipmentContentTest.php" tests="12" assertions="19" errors="0" warnings="0" failures="0" skipped="0" time="0.013025">
        <testcase name="testItCanBeCreated" class="VasilDakov\SpeedyTest\Shipment\ShipmentContentTest" classname="VasilDakov.SpeedyTest.Shipment.ShipmentContentTest" file="/usr/src/speedy/test/Shipment/ShipmentContentTest.php" line="40" assertions="1" time="0.002830"/>
        <testcase name="testItCanRetrieveTheParcelsCount" class="VasilDakov\SpeedyTest\Shipment\ShipmentContentTest" classname="VasilDakov.SpeedyTest.Shipment.ShipmentContentTest" file="/usr/src/speedy/test/Shipment/ShipmentContentTest.php" line="51" assertions="1" time="0.000858"/>
        <testcase name="testItCanRetrieveTheTotalWeight" class="VasilDakov\SpeedyTest\Shipment\ShipmentContentTest" classname="VasilDakov.SpeedyTest.Shipment.ShipmentContentTest" file="/usr/src/speedy/test/Shipment/ShipmentContentTest.php" line="62" assertions="1" time="0.001914"/>
        <testcase name="testItCanRetrieveTheContents" class="VasilDakov\SpeedyTest\Shipment\ShipmentContentTest" classname="VasilDakov.SpeedyTest.Shipment.ShipmentContentTest" file="/usr/src/speedy/test/Shipment/ShipmentContentTest.php" line="73" assertions="1" time="0.000790"/>
        <testcase name="testItCanRetrieveThePackage" class="VasilDakov\SpeedyTest\Shipment\ShipmentContentTest" classname="VasilDakov.SpeedyTest.Shipment.ShipmentContentTest" file="/usr/src/speedy/test/Shipment/ShipmentContentTest.php" line="84" assertions="1" time="0.000869"/>
        <testcase name="testItCanRetrieveTheParcel" class="VasilDakov\SpeedyTest\Shipment\ShipmentContentTest" classname="VasilDakov.SpeedyTest.Shipment.ShipmentContentTest" file="/usr/src/speedy/test/Shipment/ShipmentContentTest.php" line="95" assertions="1" time="0.000716"/>
        <testcase name="testItCanRetrieveIsDocument" class="VasilDakov\SpeedyTest\Shipment\ShipmentContentTest" classname="VasilDakov.SpeedyTest.Shipment.ShipmentContentTest" file="/usr/src/speedy/test/Shipment/ShipmentContentTest.php" line="106" assertions="1" time="0.000772"/>
        <testcase name="testItCanRetrieveIsPalletized" class="VasilDakov\SpeedyTest\Shipment\ShipmentContentTest" classname="VasilDakov.SpeedyTest.Shipment.ShipmentContentTest" file="/usr/src/speedy/test/Shipment/ShipmentContentTest.php" line="119" assertions="1" time="0.000785"/>
        <testcase name="testItCanRetrieveIsPendingParcels" class="VasilDakov\SpeedyTest\Shipment\ShipmentContentTest" classname="VasilDakov.SpeedyTest.Shipment.ShipmentContentTest" file="/usr/src/speedy/test/Shipment/ShipmentContentTest.php" line="132" assertions="1" time="0.000741"/>
        <testcase name="testItCanRetrieveIsExciseGoods" class="VasilDakov\SpeedyTest\Shipment\ShipmentContentTest" classname="VasilDakov.SpeedyTest.Shipment.ShipmentContentTest" file="/usr/src/speedy/test/Shipment/ShipmentContentTest.php" line="145" assertions="1" time="0.000653"/>
        <testcase name="testItCanBeConvertedAsArray" class="VasilDakov\SpeedyTest\Shipment\ShipmentContentTest" classname="VasilDakov.SpeedyTest.Shipment.ShipmentContentTest" file="/usr/src/speedy/test/Shipment/ShipmentContentTest.php" line="158" assertions="1" time="0.000902"/>
        <testcase name="testExportedArrayHasRequiredKeys" class="VasilDakov\SpeedyTest\Shipment\ShipmentContentTest" classname="VasilDakov.SpeedyTest.Shipment.ShipmentContentTest" file="/usr/src/speedy/test/Shipment/ShipmentContentTest.php" line="169" assertions="8" time="0.001196"/>
      </testsuite>
      <testsuite name="VasilDakov\SpeedyTest\Shipment\ShipmentDiscountCardIdTest" file="/usr/src/speedy/test/Shipment/ShipmentDiscountCardIdTest.php" tests="4" assertions="5" errors="0" warnings="0" failures="0" skipped="0" time="0.004080">
        <testcase name="testItCanBeCreated" class="VasilDakov\SpeedyTest\Shipment\ShipmentDiscountCardIdTest" classname="VasilDakov.SpeedyTest.Shipment.ShipmentDiscountCardIdTest" file="/usr/src/speedy/test/Shipment/ShipmentDiscountCardIdTest.php" line="43" assertions="1" time="0.001754"/>
        <testcase name="testItCanRetrieveTheContactId" class="VasilDakov\SpeedyTest\Shipment\ShipmentDiscountCardIdTest" classname="VasilDakov.SpeedyTest.Shipment.ShipmentDiscountCardIdTest" file="/usr/src/speedy/test/Shipment/ShipmentDiscountCardIdTest.php" line="52" assertions="1" time="0.000538"/>
        <testcase name="testItCanRetrieveTheCardId" class="VasilDakov\SpeedyTest\Shipment\ShipmentDiscountCardIdTest" classname="VasilDakov.SpeedyTest.Shipment.ShipmentDiscountCardIdTest" file="/usr/src/speedy/test/Shipment/ShipmentDiscountCardIdTest.php" line="62" assertions="1" time="0.000928"/>
        <testcase name="testExportedArrayHasRequiredKeys" class="VasilDakov\SpeedyTest\Shipment\ShipmentDiscountCardIdTest" classname="VasilDakov.SpeedyTest.Shipment.ShipmentDiscountCardIdTest" file="/usr/src/speedy/test/Shipment/ShipmentDiscountCardIdTest.php" line="72" assertions="2" time="0.000859"/>
      </testsuite>
      <testsuite name="VasilDakov\SpeedyTest\Shipment\ShipmentParcelSizeTest" file="/usr/src/speedy/test/Shipment/ShipmentParcelSizeTest.php" tests="5" assertions="7" errors="0" warnings="0" failures="0" skipped="0" time="0.005668">
        <testcase name="testItCanBeCreated" class="VasilDakov\SpeedyTest\Shipment\ShipmentParcelSizeTest" classname="VasilDakov.SpeedyTest.Shipment.ShipmentParcelSizeTest" file="/usr/src/speedy/test/Shipment/ShipmentParcelSizeTest.php" line="48" assertions="1" time="0.001772"/>
        <testcase name="testItCanRetrieveTheWidth" class="VasilDakov\SpeedyTest\Shipment\ShipmentParcelSizeTest" classname="VasilDakov.SpeedyTest.Shipment.ShipmentParcelSizeTest" file="/usr/src/speedy/test/Shipment/ShipmentParcelSizeTest.php" line="58" assertions="1" time="0.001578"/>
        <testcase name="testItCanRetrieveTheDepth" class="VasilDakov\SpeedyTest\Shipment\ShipmentParcelSizeTest" classname="VasilDakov.SpeedyTest.Shipment.ShipmentParcelSizeTest" file="/usr/src/speedy/test/Shipment/ShipmentParcelSizeTest.php" line="68" assertions="1" time="0.000734"/>
        <testcase name="testItCanRetrieveTheHeight" class="VasilDakov\SpeedyTest\Shipment\ShipmentParcelSizeTest" classname="VasilDakov.SpeedyTest.Shipment.ShipmentParcelSizeTest" file="/usr/src/speedy/test/Shipment/ShipmentParcelSizeTest.php" line="78" assertions="1" time="0.000799"/>
        <testcase name="testExportedArrayHasRequiredKeys" class="VasilDakov\SpeedyTest\Shipment\ShipmentParcelSizeTest" classname="VasilDakov.SpeedyTest.Shipment.ShipmentParcelSizeTest" file="/usr/src/speedy/test/Shipment/ShipmentParcelSizeTest.php" line="88" assertions="3" time="0.000784"/>
      </testsuite>
      <testsuite name="VasilDakov\SpeedyTest\Shipment\ShipmentParcelTest" file="/usr/src/speedy/test/Shipment/ShipmentParcelTest.php" tests="2" assertions="8" errors="0" warnings="0" failures="0" skipped="0" time="0.002585">
        <testcase name="testItCanExportToArrayWithMandatoryProperty" class="VasilDakov\SpeedyTest\Shipment\ShipmentParcelTest" classname="VasilDakov.SpeedyTest.Shipment.ShipmentParcelTest" file="/usr/src/speedy/test/Shipment/ShipmentParcelTest.php" line="80" assertions="2" time="0.001601"/>
        <testcase name="testItCanExportToArrayWithOptionalProperty" class="VasilDakov\SpeedyTest\Shipment\ShipmentParcelTest" classname="VasilDakov.SpeedyTest.Shipment.ShipmentParcelTest" file="/usr/src/speedy/test/Shipment/ShipmentParcelTest.php" line="93" assertions="6" time="0.000984"/>
      </testsuite>
      <testsuite name="VasilDakov\SpeedyTest\Shipment\ShipmentPaymentTest" file="/usr/src/speedy/test/Shipment/ShipmentPaymentTest.php" tests="2" assertions="6" errors="0" warnings="0" failures="0" skipped="0" time="0.002935">
        <testcase name="testItCanExportToArrayWithMandatoryProperty" class="VasilDakov\SpeedyTest\Shipment\ShipmentPaymentTest" classname="VasilDakov.SpeedyTest.Shipment.ShipmentPaymentTest" file="/usr/src/speedy/test/Shipment/ShipmentPaymentTest.php" line="55" assertions="1" time="0.001993"/>
        <testcase name="testItCanExportToArrayWithOptionalProperty" class="VasilDakov\SpeedyTest\Shipment\ShipmentPaymentTest" classname="VasilDakov.SpeedyTest.Shipment.ShipmentPaymentTest" file="/usr/src/speedy/test/Shipment/ShipmentPaymentTest.php" line="67" assertions="5" time="0.000942"/>
      </testsuite>
      <testsuite name="VasilDakov\SpeedyTest\Shipment\ShipmentPhoneNumberTest" file="/usr/src/speedy/test/Shipment/ShipmentPhoneNumberTest.php" tests="5" assertions="6" errors="0" warnings="0" failures="0" skipped="0" time="0.003212">
        <testcase name="testItCanBeCreated" class="VasilDakov\SpeedyTest\Shipment\ShipmentPhoneNumberTest" classname="VasilDakov.SpeedyTest.Shipment.ShipmentPhoneNumberTest" file="/usr/src/speedy/test/Shipment/ShipmentPhoneNumberTest.php" line="37" assertions="1" time="0.000635"/>
        <testcase name="testItCanRetrieveTheNumber" class="VasilDakov\SpeedyTest\Shipment\ShipmentPhoneNumberTest" classname="VasilDakov.SpeedyTest.Shipment.ShipmentPhoneNumberTest" file="/usr/src/speedy/test/Shipment/ShipmentPhoneNumberTest.php" line="45" assertions="1" time="0.000607"/>
        <testcase name="testItCanRetrieveTheExtension" class="VasilDakov\SpeedyTest\Shipment\ShipmentPhoneNumberTest" classname="VasilDakov.SpeedyTest.Shipment.ShipmentPhoneNumberTest" file="/usr/src/speedy/test/Shipment/ShipmentPhoneNumberTest.php" line="51" assertions="1" time="0.000636"/>
        <testcase name="testItCanBeConvertedAsArray" class="VasilDakov\SpeedyTest\Shipment\ShipmentPhoneNumberTest" classname="VasilDakov.SpeedyTest.Shipment.ShipmentPhoneNumberTest" file="/usr/src/speedy/test/Shipment/ShipmentPhoneNumberTest.php" line="60" assertions="1" time="0.000555"/>
        <testcase name="testExportedArrayHasRequiredKeys" class="VasilDakov\SpeedyTest\Shipment\ShipmentPhoneNumberTest" classname="VasilDakov.SpeedyTest.Shipment.ShipmentPhoneNumberTest" file="/usr/src/speedy/test/Shipment/ShipmentPhoneNumberTest.php" line="66" assertions="2" time="0.000779"/>
      </testsuite>
      <testsuite name="VasilDakov\SpeedyTest\Shipment\ShipmentPriceAmountTest" file="/usr/src/speedy/test/Shipment/ShipmentPriceAmountTest.php" tests="1" assertions="4" errors="0" warnings="0" failures="0" skipped="0" time="0.001644">
        <testcase name="testItCanDoSomething" class="VasilDakov\SpeedyTest\Shipment\ShipmentPriceAmountTest" classname="VasilDakov.SpeedyTest.Shipment.ShipmentPriceAmountTest" file="/usr/src/speedy/test/Shipment/ShipmentPriceAmountTest.php" line="19" assertions="4" time="0.001644"/>
      </testsuite>
      <testsuite name="VasilDakov\SpeedyTest\Shipment\ShipmentPriceTest" file="/usr/src/speedy/test/Shipment/ShipmentPriceTest.php" tests="1" assertions="11" errors="0" warnings="0" failures="0" skipped="0" time="0.002101">
        <testcase name="testItCanBeConstructed" class="VasilDakov\SpeedyTest\Shipment\ShipmentPriceTest" classname="VasilDakov.SpeedyTest.Shipment.ShipmentPriceTest" file="/usr/src/speedy/test/Shipment/ShipmentPriceTest.php" line="19" assertions="11" time="0.002101"/>
      </testsuite>
      <testsuite name="VasilDakov\SpeedyTest\Shipment\ShipmentRecipientTest" file="/usr/src/speedy/test/Shipment/ShipmentRecipientTest.php" tests="12" assertions="14" errors="0" warnings="0" failures="0" skipped="0" time="0.016601">
        <testcase name="testItCanRetrieveThePhone1" class="VasilDakov\SpeedyTest\Shipment\ShipmentRecipientTest" classname="VasilDakov.SpeedyTest.Shipment.ShipmentRecipientTest" file="/usr/src/speedy/test/Shipment/ShipmentRecipientTest.php" line="95" assertions="1" time="0.005811"/>
        <testcase name="testItCanRetrieveThePhone2" class="VasilDakov\SpeedyTest\Shipment\ShipmentRecipientTest" classname="VasilDakov.SpeedyTest.Shipment.ShipmentRecipientTest" file="/usr/src/speedy/test/Shipment/ShipmentRecipientTest.php" line="108" assertions="1" time="0.000847"/>
        <testcase name="testItCanRetrieveThePhone3" class="VasilDakov\SpeedyTest\Shipment\ShipmentRecipientTest" classname="VasilDakov.SpeedyTest.Shipment.ShipmentRecipientTest" file="/usr/src/speedy/test/Shipment/ShipmentRecipientTest.php" line="121" assertions="1" time="0.000858"/>
        <testcase name="testItCanRetrieveTheClientName" class="VasilDakov\SpeedyTest\Shipment\ShipmentRecipientTest" classname="VasilDakov.SpeedyTest.Shipment.ShipmentRecipientTest" file="/usr/src/speedy/test/Shipment/ShipmentRecipientTest.php" line="134" assertions="1" time="0.000984"/>
        <testcase name="testItCanRetrieveTheObjectName" class="VasilDakov\SpeedyTest\Shipment\ShipmentRecipientTest" classname="VasilDakov.SpeedyTest.Shipment.ShipmentRecipientTest" file="/usr/src/speedy/test/Shipment/ShipmentRecipientTest.php" line="147" assertions="1" time="0.000852"/>
        <testcase name="testItCanRetrieveTheContactName" class="VasilDakov\SpeedyTest\Shipment\ShipmentRecipientTest" classname="VasilDakov.SpeedyTest.Shipment.ShipmentRecipientTest" file="/usr/src/speedy/test/Shipment/ShipmentRecipientTest.php" line="160" assertions="1" time="0.001047"/>
        <testcase name="testItCanRetrieveTheEmail" class="VasilDakov\SpeedyTest\Shipment\ShipmentRecipientTest" classname="VasilDakov.SpeedyTest.Shipment.ShipmentRecipientTest" file="/usr/src/speedy/test/Shipment/ShipmentRecipientTest.php" line="173" assertions="1" time="0.001149"/>
        <testcase name="testItCanRetrieveThePrivatePerson" class="VasilDakov\SpeedyTest\Shipment\ShipmentRecipientTest" classname="VasilDakov.SpeedyTest.Shipment.ShipmentRecipientTest" file="/usr/src/speedy/test/Shipment/ShipmentRecipientTest.php" line="186" assertions="1" time="0.001000"/>
        <testcase name="testItCanRetrieveTheAddress" class="VasilDakov\SpeedyTest\Shipment\ShipmentRecipientTest" classname="VasilDakov.SpeedyTest.Shipment.ShipmentRecipientTest" file="/usr/src/speedy/test/Shipment/ShipmentRecipientTest.php" line="199" assertions="1" time="0.001011"/>
        <testcase name="testItCanRetrieveThePickupOfficeId" class="VasilDakov\SpeedyTest\Shipment\ShipmentRecipientTest" classname="VasilDakov.SpeedyTest.Shipment.ShipmentRecipientTest" file="/usr/src/speedy/test/Shipment/ShipmentRecipientTest.php" line="212" assertions="1" time="0.001004"/>
        <testcase name="testItCanBeConvertedAsArray" class="VasilDakov\SpeedyTest\Shipment\ShipmentRecipientTest" classname="VasilDakov.SpeedyTest.Shipment.ShipmentRecipientTest" file="/usr/src/speedy/test/Shipment/ShipmentRecipientTest.php" line="225" assertions="1" time="0.001100"/>
        <testcase name="testExportedArrayHasRequiredKeys" class="VasilDakov\SpeedyTest\Shipment\ShipmentRecipientTest" classname="VasilDakov.SpeedyTest.Shipment.ShipmentRecipientTest" file="/usr/src/speedy/test/Shipment/ShipmentRecipientTest.php" line="232" assertions="3" time="0.000938"/>
      </testsuite>
      <testsuite name="VasilDakov\SpeedyTest\Shipment\ShipmentSenderTest" file="/usr/src/speedy/test/Shipment/ShipmentSenderTest.php" tests="12" assertions="14" errors="0" warnings="0" failures="0" skipped="0" time="0.011921">
        <testcase name="testItCanBeCreated" class="VasilDakov\SpeedyTest\Shipment\ShipmentSenderTest" classname="VasilDakov.SpeedyTest.Shipment.ShipmentSenderTest" file="/usr/src/speedy/test/Shipment/ShipmentSenderTest.php" line="92" assertions="1" time="0.000980"/>
        <testcase name="testItCanRetrieveThePhone1" class="VasilDakov\SpeedyTest\Shipment\ShipmentSenderTest" classname="VasilDakov.SpeedyTest.Shipment.ShipmentSenderTest" file="/usr/src/speedy/test/Shipment/ShipmentSenderTest.php" line="103" assertions="1" time="0.000876"/>
        <testcase name="testItCanRetrieveThePhone2" class="VasilDakov\SpeedyTest\Shipment\ShipmentSenderTest" classname="VasilDakov.SpeedyTest.Shipment.ShipmentSenderTest" file="/usr/src/speedy/test/Shipment/ShipmentSenderTest.php" line="116" assertions="1" time="0.000966"/>
        <testcase name="testItCanRetrieveThePhone3" class="VasilDakov\SpeedyTest\Shipment\ShipmentSenderTest" classname="VasilDakov.SpeedyTest.Shipment.ShipmentSenderTest" file="/usr/src/speedy/test/Shipment/ShipmentSenderTest.php" line="129" assertions="1" time="0.001210"/>
        <testcase name="testItCanRetrieveTheClientName" class="VasilDakov\SpeedyTest\Shipment\ShipmentSenderTest" classname="VasilDakov.SpeedyTest.Shipment.ShipmentSenderTest" file="/usr/src/speedy/test/Shipment/ShipmentSenderTest.php" line="142" assertions="1" time="0.000916"/>
        <testcase name="testItCanRetrieveTheContactName" class="VasilDakov\SpeedyTest\Shipment\ShipmentSenderTest" classname="VasilDakov.SpeedyTest.Shipment.ShipmentSenderTest" file="/usr/src/speedy/test/Shipment/ShipmentSenderTest.php" line="155" assertions="1" time="0.001023"/>
        <testcase name="testItCanRetrieveTheEmail" class="VasilDakov\SpeedyTest\Shipment\ShipmentSenderTest" classname="VasilDakov.SpeedyTest.Shipment.ShipmentSenderTest" file="/usr/src/speedy/test/Shipment/ShipmentSenderTest.php" line="168" assertions="1" time="0.000898"/>
        <testcase name="testItCanRetrieveThePrivatePerson" class="VasilDakov\SpeedyTest\Shipment\ShipmentSenderTest" classname="VasilDakov.SpeedyTest.Shipment.ShipmentSenderTest" file="/usr/src/speedy/test/Shipment/ShipmentSenderTest.php" line="181" assertions="1" time="0.000979"/>
        <testcase name="testItCanRetrieveTheAddress" class="VasilDakov\SpeedyTest\Shipment\ShipmentSenderTest" classname="VasilDakov.SpeedyTest.Shipment.ShipmentSenderTest" file="/usr/src/speedy/test/Shipment/ShipmentSenderTest.php" line="194" assertions="1" time="0.000931"/>
        <testcase name="testItCanRetrieveThePickupOfficeId" class="VasilDakov\SpeedyTest\Shipment\ShipmentSenderTest" classname="VasilDakov.SpeedyTest.Shipment.ShipmentSenderTest" file="/usr/src/speedy/test/Shipment/ShipmentSenderTest.php" line="207" assertions="1" time="0.000938"/>
        <testcase name="testItCanBeConvertedAsArray" class="VasilDakov\SpeedyTest\Shipment\ShipmentSenderTest" classname="VasilDakov.SpeedyTest.Shipment.ShipmentSenderTest" file="/usr/src/speedy/test/Shipment/ShipmentSenderTest.php" line="219" assertions="1" time="0.001159"/>
        <testcase name="testExportedArrayHasRequiredKeys" class="VasilDakov\SpeedyTest\Shipment\ShipmentSenderTest" classname="VasilDakov.SpeedyTest.Shipment.ShipmentSenderTest" file="/usr/src/speedy/test/Shipment/ShipmentSenderTest.php" line="226" assertions="3" time="0.001045"/>
      </testsuite>
      <testsuite name="VasilDakov\SpeedyTest\Shipment\ShipmentServiceTest" file="/usr/src/speedy/test/Shipment/ShipmentServiceTest.php" tests="2" assertions="6" errors="0" warnings="0" failures="0" skipped="0" time="0.006977">
        <testcase name="testItCanExportToArrayWithMandatoryProperty" class="VasilDakov\SpeedyTest\Shipment\ShipmentServiceTest" classname="VasilDakov.SpeedyTest.Shipment.ShipmentServiceTest" file="/usr/src/speedy/test/Shipment/ShipmentServiceTest.php" line="63" assertions="1" time="0.006144"/>
        <testcase name="testItCanExportToArrayWithOptionalProperty" class="VasilDakov\SpeedyTest\Shipment\ShipmentServiceTest" classname="VasilDakov.SpeedyTest.Shipment.ShipmentServiceTest" file="/usr/src/speedy/test/Shipment/ShipmentServiceTest.php" line="72" assertions="5" time="0.000833"/>
      </testsuite>
      <testsuite name="VasilDakov\SpeedyTest\SpeedyTest" file="/usr/src/speedy/test/SpeedyTest.php" tests="12" assertions="22" errors="0" warnings="0" failures="0" skipped="0" time="0.081544">
        <testcase name="testItCanBeInstantiated" class="VasilDakov\SpeedyTest\SpeedyTest" classname="VasilDakov.SpeedyTest.SpeedyTest" file="/usr/src/speedy/test/SpeedyTest.php" line="59" assertions="1" time="0.023562"/>
        <testcase name="testItCanGetContractClient" class="VasilDakov\SpeedyTest\SpeedyTest" classname="VasilDakov.SpeedyTest.SpeedyTest" file="/usr/src/speedy/test/SpeedyTest.php" line="69" assertions="6" time="0.024256"/>
        <testcase name="testItCanFindCountry" class="VasilDakov\SpeedyTest\SpeedyTest" classname="VasilDakov.SpeedyTest.SpeedyTest" file="/usr/src/speedy/test/SpeedyTest.php" line="136" assertions="6" time="0.003120"/>
        <testcase name="testItCanFindState" class="VasilDakov\SpeedyTest\SpeedyTest" classname="VasilDakov.SpeedyTest.SpeedyTest" file="/usr/src/speedy/test/SpeedyTest.php" line="193" assertions="1" time="0.003469"/>
        <testcase name="testItCanFindOffice" class="VasilDakov\SpeedyTest\SpeedyTest" classname="VasilDakov.SpeedyTest.SpeedyTest" file="/usr/src/speedy/test/SpeedyTest.php" line="205" assertions="1" time="0.003176"/>
        <testcase name="testItCanFindSite" class="VasilDakov\SpeedyTest\SpeedyTest" classname="VasilDakov.SpeedyTest.SpeedyTest" file="/usr/src/speedy/test/SpeedyTest.php" line="217" assertions="1" time="0.002766"/>
        <testcase name="testItCanFindComplex" class="VasilDakov\SpeedyTest\SpeedyTest" classname="VasilDakov.SpeedyTest.SpeedyTest" file="/usr/src/speedy/test/SpeedyTest.php" line="229" assertions="1" time="0.003463"/>
        <testcase name="testItCanFindStreet" class="VasilDakov\SpeedyTest\SpeedyTest" classname="VasilDakov.SpeedyTest.SpeedyTest" file="/usr/src/speedy/test/SpeedyTest.php" line="241" assertions="1" time="0.004064"/>
        <testcase name="testItCanCalculate" class="VasilDakov\SpeedyTest\SpeedyTest" classname="VasilDakov.SpeedyTest.SpeedyTest" file="/usr/src/speedy/test/SpeedyTest.php" line="253" assertions="1" time="0.003745"/>
        <testcase name="testItCanTrack" class="VasilDakov\SpeedyTest\SpeedyTest" classname="VasilDakov.SpeedyTest.SpeedyTest" file="/usr/src/speedy/test/SpeedyTest.php" line="265" assertions="1" time="0.003148"/>
        <testcase name="testItCanPrint" class="VasilDakov\SpeedyTest\SpeedyTest" classname="VasilDakov.SpeedyTest.SpeedyTest" file="/usr/src/speedy/test/SpeedyTest.php" line="277" assertions="1" time="0.003561"/>
        <testcase name="testItCanCreateShipment" class="VasilDakov\SpeedyTest\SpeedyTest" classname="VasilDakov.SpeedyTest.SpeedyTest" file="/usr/src/speedy/test/SpeedyTest.php" line="289" assertions="1" time="0.003213"/>
      </testsuite>
    </testsuite>
  </testsuite>
</testsuites>
